Arguments: 
  /Users/franzekan/.nvm/versions/node/v12.13.1/bin/node /usr/local/Cellar/yarn/1.21.1/libexec/bin/yarn.js init

PATH: 
  /Users/franzekan/.rbenv/shims:/Users/franzekan/.rbenv/bin:/Users/franzekan/.nvm/versions/node/v12.13.1/bin:/Users/franzekan/.rbenv/shims:/Users/franzekan/.rbenv/bin:/Users/franzekan/.nvm/versions/node/v12.13.1/bin:/usr/local/bin:/usr/bin:/bin:/usr/sbin:/sbin:/Applications/VMware Fusion.app/Contents/Public:/Users/franzekan/.rbenv/shims:/Users/franzekan/.rbenv/bin:/Users/franzekan/.nvm/versions/node/v12.13.1/bin:/Users/franzekan/Library/Android/sdk/emulator:/Users/franzekan/Library/Android/sdk/tools:/Users/franzekan/Library/Android/sdk/tools/bin:/Users/franzekan/Library/Android/sdk/platform-tools:/opt/ReactNativeDebugger:/Users/franzekan/go/bin:/Users/franzekan/Library/Android/sdk/emulator:/Users/franzekan/Library/Android/sdk/tools:/Users/franzekan/Library/Android/sdk/tools/bin:/Users/franzekan/Library/Android/sdk/platform-tools:/opt/ReactNativeDebugger:/Users/franzekan/go/bin:/Users/franzekan/go/bin:/bin:/Users/franzekan/Library/Android/sdk/emulator:/Users/franzekan/Library/Android/sdk/tools:/Users/franzekan/Library/Android/sdk/tools/bin:/Users/franzekan/Library/Android/sdk/platform-tools:/opt/ReactNativeDebugger:/Users/franzekan/go/bin:/Users/franzekan/go/bin:/bin

Yarn version: 
  1.21.1

Node version: 
  12.13.1

Platform: 
  darwin x64

Trace: 
  Error: canceled
      at Interface.<anonymous> (/usr/local/Cellar/yarn/1.21.1/libexec/lib/cli.js:136925:13)
      at Interface.emit (events.js:210:5)
      at Interface._ttyWrite (readline.js:887:16)
      at ReadStream.onkeypress (readline.js:191:10)
      at ReadStream.emit (events.js:210:5)
      at emitKeys (internal/readline/utils.js:433:14)
      at emitKeys.next (<anonymous>)
      at ReadStream.onData (readline.js:1153:36)
      at ReadStream.emit (events.js:210:5)
      at addChunk (_stream_readable.js:309:12)

npm manifest: 
  No manifest

yarn manifest: 
  No manifest

Lockfile: 
  No lockfile
